0 info it worked if it ends with ok
1 verbose cli [ 'node', '/usr/local/bin/npm', 'install', '-g', 'node-gyp' ]
2 info using npm@1.4.28
3 info using node@v0.10.34
4 verbose cache add [ 'node-gyp', null ]
5 verbose cache add name=undefined spec="node-gyp" args=["node-gyp",null]
6 verbose parsed url { protocol: null,
6 verbose parsed url   slashes: null,
6 verbose parsed url   auth: null,
6 verbose parsed url   host: null,
6 verbose parsed url   port: null,
6 verbose parsed url   hostname: null,
6 verbose parsed url   hash: null,
6 verbose parsed url   search: null,
6 verbose parsed url   query: null,
6 verbose parsed url   pathname: 'node-gyp',
6 verbose parsed url   path: 'node-gyp',
6 verbose parsed url   href: 'node-gyp' }
7 silly lockFile 54062583-node-gyp node-gyp
8 verbose lock node-gyp /Users/yulonh/.npm/54062583-node-gyp.lock
9 silly lockFile 54062583-node-gyp node-gyp
10 silly lockFile 54062583-node-gyp node-gyp
11 verbose addNamed [ 'node-gyp', '' ]
12 verbose addNamed [ null, '*' ]
13 silly lockFile c0cd6589-node-gyp node-gyp@
14 verbose lock node-gyp@ /Users/yulonh/.npm/c0cd6589-node-gyp.lock
15 silly addNameRange { name: 'node-gyp', range: '*', hasData: false }
16 verbose request where is /node-gyp
17 verbose request registry https://registry.npmjs.org/
18 verbose request id e9bffa5fe5d2559b
19 verbose url raw /node-gyp
20 verbose url resolving [ 'https://registry.npmjs.org/', './node-gyp' ]
21 verbose url resolved https://registry.npmjs.org/node-gyp
22 verbose request where is https://registry.npmjs.org/node-gyp
23 info trying registry request attempt 1 at 18:02:34
24 http GET https://registry.npmjs.org/node-gyp
25 http 200 https://registry.npmjs.org/node-gyp
26 silly registry.get cb [ 200,
26 silly registry.get   { date: 'Mon, 19 Jan 2015 10:02:34 GMT',
26 silly registry.get     server: 'CouchDB/1.5.0 (Erlang OTP/R16B03)',
26 silly registry.get     etag: '"2BDA4Y39V92NBBWB94GW1QX7T"',
26 silly registry.get     'content-type': 'application/json',
26 silly registry.get     'cache-control': 'max-age=60',
26 silly registry.get     'content-length': '110122',
26 silly registry.get     'accept-ranges': 'bytes',
26 silly registry.get     via: '1.1 varnish',
26 silly registry.get     age: '45',
26 silly registry.get     'x-served-by': 'cache-hk91-HKG',
26 silly registry.get     'x-cache': 'HIT',
26 silly registry.get     'x-cache-hits': '1',
26 silly registry.get     'x-timer': 'S1421661754.679649,VS0,VE0',
26 silly registry.get     vary: 'Accept',
26 silly registry.get     'keep-alive': 'timeout=10, max=50',
26 silly registry.get     connection: 'Keep-Alive' } ]
27 silly addNameRange number 2 { name: 'node-gyp', range: '*', hasData: true }
28 silly addNameRange versions [ 'node-gyp',
28 silly addNameRange   [ '0.0.1',
28 silly addNameRange     '0.0.2',
28 silly addNameRange     '0.0.3',
28 silly addNameRange     '0.0.4',
28 silly addNameRange     '0.0.5',
28 silly addNameRange     '0.0.6',
28 silly addNameRange     '0.1.0',
28 silly addNameRange     '0.1.1',
28 silly addNameRange     '0.1.2',
28 silly addNameRange     '0.1.3',
28 silly addNameRange     '0.1.4',
28 silly addNameRange     '0.2.0',
28 silly addNameRange     '0.2.1',
28 silly addNameRange     '0.2.2',
28 silly addNameRange     '0.3.0',
28 silly addNameRange     '0.3.1',
28 silly addNameRange     '0.3.2',
28 silly addNameRange     '0.3.4',
28 silly addNameRange     '0.3.5',
28 silly addNameRange     '0.3.6',
28 silly addNameRange     '0.3.7',
28 silly addNameRange     '0.3.8',
28 silly addNameRange     '0.3.9',
28 silly addNameRange     '0.3.10',
28 silly addNameRange     '0.3.11',
28 silly addNameRange     '0.4.0',
28 silly addNameRange     '0.4.1',
28 silly addNameRange     '0.4.2',
28 silly addNameRange     '0.4.3',
28 silly addNameRange     '0.4.4',
28 silly addNameRange     '0.4.5',
28 silly addNameRange     '0.5.0',
28 silly addNameRange     '0.5.1',
28 silly addNameRange     '0.5.2',
28 silly addNameRange     '0.5.3',
28 silly addNameRange     '0.5.4',
28 silly addNameRange     '0.5.5',
28 silly addNameRange     '0.5.6',
28 silly addNameRange     '0.5.7',
28 silly addNameRange     '0.5.8',
28 silly addNameRange     '0.6.0',
28 silly addNameRange     '0.6.1',
28 silly addNameRange     '0.6.2',
28 silly addNameRange     '0.6.3',
28 silly addNameRange     '0.6.4',
28 silly addNameRange     '0.6.5',
28 silly addNameRange     '0.6.6',
28 silly addNameRange     '0.6.7',
28 silly addNameRange     '0.6.8',
28 silly addNameRange     '0.6.9',
28 silly addNameRange     '0.6.10',
28 silly addNameRange     '0.6.11',
28 silly addNameRange     '0.7.0',
28 silly addNameRange     '0.7.1',
28 silly addNameRange     '0.7.2',
28 silly addNameRange     '0.7.3',
28 silly addNameRange     '0.8.0',
28 silly addNameRange     '0.8.1',
28 silly addNameRange     '0.8.2',
28 silly addNameRange     '0.8.3',
28 silly addNameRange     '0.8.4',
28 silly addNameRange     '0.8.5',
28 silly addNameRange     '0.9.0',
28 silly addNameRange     '0.9.1',
28 silly addNameRange     '0.9.2',
28 silly addNameRange     '0.9.3',
28 silly addNameRange     '0.9.4',
28 silly addNameRange     '0.9.5',
28 silly addNameRange     '0.9.6',
28 silly addNameRange     '0.10.0',
28 silly addNameRange     '0.10.1',
28 silly addNameRange     '0.10.2',
28 silly addNameRange     '0.10.3',
28 silly addNameRange     '0.10.4',
28 silly addNameRange     '0.10.5',
28 silly addNameRange     '0.10.6',
28 silly addNameRange     '0.10.7',
28 silly addNameRange     '0.10.8',
28 silly addNameRange     '0.10.9',
28 silly addNameRange     '0.10.10',
28 silly addNameRange     '0.11.0',
28 silly addNameRange     '0.12.0',
28 silly addNameRange     '0.12.1',
28 silly addNameRange     '0.12.2',
28 silly addNameRange     '0.13.0',
28 silly addNameRange     '0.13.1',
28 silly addNameRange     '1.0.0',
28 silly addNameRange     '1.0.1',
28 silly addNameRange     '1.0.2' ] ]
29 verbose addNamed [ 'node-gyp', '1.0.2' ]
30 verbose addNamed [ '1.0.2', '1.0.2' ]
31 silly lockFile 0b2bb2de-node-gyp-1-0-2 node-gyp@1.0.2
32 verbose lock node-gyp@1.0.2 /Users/yulonh/.npm/0b2bb2de-node-gyp-1-0-2.lock
33 silly lockFile 0d2d526a--org-node-gyp-node-gyp-1-0-2-tgz https://registry.npmjs.org/node-gyp/-/node-gyp-1.0.2.tgz
34 verbose lock https://registry.npmjs.org/node-gyp/-/node-gyp-1.0.2.tgz /Users/yulonh/.npm/0d2d526a--org-node-gyp-node-gyp-1-0-2-tgz.lock
35 verbose addRemoteTarball [ 'https://registry.npmjs.org/node-gyp/-/node-gyp-1.0.2.tgz',
35 verbose addRemoteTarball   'b0bb6d2d762271408dd904853e7aa3000ed2eb57' ]
36 info retry fetch attempt 1 at 18:02:35
37 verbose fetch to= /var/folders/g_/0ghv7b591pbckgckmwyd7wmr0000gp/T/npm-50799-S7Kkbeqo/registry.npmjs.org/node-gyp/-/node-gyp-1.0.2.tgz
38 http GET https://registry.npmjs.org/node-gyp/-/node-gyp-1.0.2.tgz
39 http 200 https://registry.npmjs.org/node-gyp/-/node-gyp-1.0.2.tgz
40 silly lockFile 0d2d526a--org-node-gyp-node-gyp-1-0-2-tgz https://registry.npmjs.org/node-gyp/-/node-gyp-1.0.2.tgz
41 silly lockFile 0d2d526a--org-node-gyp-node-gyp-1-0-2-tgz https://registry.npmjs.org/node-gyp/-/node-gyp-1.0.2.tgz
42 silly lockFile 0b2bb2de-node-gyp-1-0-2 node-gyp@1.0.2
43 silly lockFile 0b2bb2de-node-gyp-1-0-2 node-gyp@1.0.2
44 silly lockFile c0cd6589-node-gyp node-gyp@
45 silly lockFile c0cd6589-node-gyp node-gyp@
46 silly resolved [ { name: 'node-gyp',
46 silly resolved     description: 'Node.js native addon build tool',
46 silly resolved     keywords: [ 'native', 'addon', 'module', 'c', 'c++', 'bindings', 'gyp' ],
46 silly resolved     version: '1.0.2',
46 silly resolved     installVersion: 9,
46 silly resolved     author:
46 silly resolved      { name: 'Nathan Rajlich',
46 silly resolved        email: 'nathan@tootallnate.net',
46 silly resolved        url: 'http://tootallnate.net' },
46 silly resolved     repository:
46 silly resolved      { type: 'git',
46 silly resolved        url: 'git://github.com/TooTallNate/node-gyp.git' },
46 silly resolved     preferGlobal: true,
46 silly resolved     bin: { 'node-gyp': './bin/node-gyp.js' },
46 silly resolved     main: './lib/node-gyp.js',
46 silly resolved     dependencies:
46 silly resolved      { fstream: '^1.0.0',
46 silly resolved        glob: '3 || 4',
46 silly resolved        'graceful-fs': '3',
46 silly resolved        minimatch: '1',
46 silly resolved        mkdirp: '^0.5.0',
46 silly resolved        nopt: '2 || 3',
46 silly resolved        npmlog: '0',
46 silly resolved        osenv: '0',
46 silly resolved        request: '2',
46 silly resolved        rimraf: '2',
46 silly resolved        semver: '2.x || 3.x || 4',
46 silly resolved        tar: '^1.0.0',
46 silly resolved        which: '1' },
46 silly resolved     engines: { node: '>= 0.8.0' },
46 silly resolved     gitHead: '1e399b471945b35f3bfbca4a10fba31a6739b5db',
46 silly resolved     bugs: { url: 'https://github.com/TooTallNate/node-gyp/issues' },
46 silly resolved     homepage: 'https://github.com/TooTallNate/node-gyp',
46 silly resolved     _id: 'node-gyp@1.0.2',
46 silly resolved     scripts: {},
46 silly resolved     _shasum: 'b0bb6d2d762271408dd904853e7aa3000ed2eb57',
46 silly resolved     _from: 'node-gyp@',
46 silly resolved     _npmVersion: '2.0.0-beta.3',
46 silly resolved     _npmUser: { name: 'isaacs', email: 'i@izs.me' },
46 silly resolved     maintainers: [ [Object], [Object], [Object] ],
46 silly resolved     dist:
46 silly resolved      { shasum: 'b0bb6d2d762271408dd904853e7aa3000ed2eb57',
46 silly resolved        tarball: 'http://registry.npmjs.org/node-gyp/-/node-gyp-1.0.2.tgz' },
46 silly resolved     directories: {},
46 silly resolved     _resolved: 'https://registry.npmjs.org/node-gyp/-/node-gyp-1.0.2.tgz' } ]
47 info install node-gyp@1.0.2 into /usr/local/lib
48 info installOne node-gyp@1.0.2
49 verbose lib/node_modules/node-gyp unbuild
50 verbose tar unpack /Users/yulonh/.npm/node-gyp/1.0.2/package.tgz
51 silly lockFile fb1382c1--local-lib-node-modules-node-gyp tar:///usr/local/lib/node_modules/node-gyp
52 verbose lock tar:///usr/local/lib/node_modules/node-gyp /Users/yulonh/.npm/fb1382c1--local-lib-node-modules-node-gyp.lock
53 silly lockFile 3f8c64ab-h-npm-node-gyp-1-0-2-package-tgz tar:///Users/yulonh/.npm/node-gyp/1.0.2/package.tgz
54 verbose lock tar:///Users/yulonh/.npm/node-gyp/1.0.2/package.tgz /Users/yulonh/.npm/3f8c64ab-h-npm-node-gyp-1-0-2-package-tgz.lock
55 silly gunzTarPerm modes [ '755', '644' ]
56 error Error: EACCES, mkdir '/usr/local/lib/node_modules/node-gyp'
56 error  { [Error: EACCES, mkdir '/usr/local/lib/node_modules/node-gyp']
56 error   errno: 3,
56 error   code: 'EACCES',
56 error   path: '/usr/local/lib/node_modules/node-gyp',
56 error   fstream_type: 'Directory',
56 error   fstream_path: '/usr/local/lib/node_modules/node-gyp',
56 error   fstream_class: 'DirWriter',
56 error   fstream_stack:
56 error    [ '/usr/local/lib/node_modules/npm/node_modules/fstream/lib/dir-writer.js:36:23',
56 error      '/usr/local/lib/node_modules/npm/node_modules/mkdirp/index.js:46:53',
56 error      'Object.oncomplete (fs.js:108:15)' ] }
57 error Please try running this command again as root/Administrator.
58 error System Darwin 14.0.0
59 error command "node" "/usr/local/bin/npm" "install" "-g" "node-gyp"
60 error cwd /Users/yulonh/Documents/ocr
61 error node -v v0.10.34
62 error npm -v 1.4.28
63 error path /usr/local/lib/node_modules/node-gyp
64 error fstream_path /usr/local/lib/node_modules/node-gyp
65 error fstream_type Directory
66 error fstream_class DirWriter
67 error code EACCES
68 error errno 3
69 error stack Error: EACCES, mkdir '/usr/local/lib/node_modules/node-gyp'
70 error fstream_stack /usr/local/lib/node_modules/npm/node_modules/fstream/lib/dir-writer.js:36:23
70 error fstream_stack /usr/local/lib/node_modules/npm/node_modules/mkdirp/index.js:46:53
70 error fstream_stack Object.oncomplete (fs.js:108:15)
71 verbose exit [ 3, true ]
